<?xml version="1.0" encoding="UTF-8"?>
<testng-results ignored="0" total="1" passed="1" failed="0" skipped="0">
  <reporter-output>
  </reporter-output>
  <suite started-at="2024-05-29T16:35:20 IST" name="Default suite" finished-at="2024-05-29T16:35:45 IST" duration-ms="25393">
    <groups>
    </groups>
    <test started-at="2024-05-29T16:35:20 IST" name="Default test" finished-at="2024-05-29T16:35:45 IST" duration-ms="25393">
      <class name="com.testcases.TC001">
        <test-method is-config="true" signature="setUp()[pri:0, instance:com.testcases.TC001@1e0b4072]" started-at="2024-05-29T16:35:20 IST" name="setUp" finished-at="2024-05-29T16:35:33 IST" duration-ms="13141" status="PASS">
          <reporter-output>
          </reporter-output>
        </test-method> <!-- setUp -->
        <test-method signature="loginTest()[pri:0, instance:com.testcases.TC001@1e0b4072]" started-at="2024-05-29T16:35:33 IST" name="loginTest" finished-at="2024-05-29T16:35:44 IST" duration-ms="10893" status="PASS">
          <reporter-output>
          </reporter-output>
        </test-method> <!-- loginTest -->
        <test-method is-config="true" signature="tearDown()[pri:0, instance:com.testcases.TC001@1e0b4072]" started-at="2024-05-29T16:35:44 IST" name="tearDown" finished-at="2024-05-29T16:35:45 IST" duration-ms="1325" status="PASS">
          <reporter-output>
          </reporter-output>
        </test-method> <!-- tearDown -->
      </class> <!-- com.testcases.TC001 -->
    </test> <!-- Default test -->
  </suite> <!-- Default suite -->
</testng-results>
